<?xml version="1.0" encoding="UTF-8"?>
<testng-results ignored="0" total="1" passed="1" failed="0" skipped="0">
  <reporter-output>
  </reporter-output>
  <suite started-at="2023-02-05T23:19:28 SGT" name="Default suite" finished-at="2023-02-05T23:19:33 SGT" duration-ms="5442">
    <groups>
    </groups>
    <test started-at="2023-02-05T23:19:28 SGT" name="Default test" finished-at="2023-02-05T23:19:33 SGT" duration-ms="5442">
      <class name="Nasdean.JIRA_API_Automation.JiraAutomation">
        <test-method signature="logInAPI()[pri:0, instance:Nasdean.JIRA_API_Automation.JiraAutomation@581ac8a8]" started-at="2023-02-05T23:19:28 SGT" name="logInAPI" finished-at="2023-02-05T23:19:33 SGT" duration-ms="5361" status="PASS">
          <reporter-output>
          </reporter-output>
        </test-method> <!-- logInAPI -->
      </class> <!-- Nasdean.JIRA_API_Automation.JiraAutomation -->
    </test> <!-- Default test -->
  </suite> <!-- Default suite -->
</testng-results>
